#
# A fatal error has been detected by the Java Runtime Environment:
#
#  EXCEPTION_ACCESS_VIOLATION (0xc0000005) at pc=0x00007ffef5b7e0f3, pid=11404, tid=872
#
# JRE version: Java(TM) SE Runtime Environment (14.0.2+12) (build 14.0.2+12-46)
# Java VM: Java HotSpot(TM) 64-Bit Server VM (14.0.2+12-46, mixed mode, sharing, tiered, compressed oops, g1 gc, windows-amd64)
# Problematic frame:
# V  [jvm.dll+0x2ee0f3]
#
# No core dump will be written. Minidumps are not enabled by default on client versions of Windows
#
# If you would like to submit a bug report, please visit:
#   https://bugreport.java.com/bugreport/crash.jsp
#

---------------  S U M M A R Y ------------

Command Line: -agentlib:jdwp=transport=dt_socket,address=127.0.0.1:59260,suspend=y,server=n -javaagent:C:\Users\inbruk\AppData\Local\JetBrains\IntelliJIdea2020.2\captureAgent\debugger-agent.jar -Dfile.encoding=UTF-8 lessons.ConsoleCalculator.Main

Host: Intel(R) Core(TM) i5-9400F CPU @ 2.90GHz, 6 cores, 31G,  Windows 10 , 64 bit Build 18362 (10.0.18362.959)
Time: Wed Sep  9 00:02:12 2020 RTZ 2 (ceia) elapsed time: 536 seconds (0d 0h 8m 56s)

---------------  T H R E A D  ---------------

Current thread (0x000002a37fdaa000):  JavaThread "JDWP Transport Listener: dt_socket" daemon [_thread_in_vm, id=872, stack(0x000000c46f200000,0x000000c46f300000)] _threads_hazard_ptr=0x000002a37fe5a980

Stack: [0x000000c46f200000,0x000000c46f300000],  sp=0x000000c46f2fee20,  free space=1019k
Native frames: (J=compiled Java code, j=interpreted, Vv=VM code, C=native code)
V  [jvm.dll+0x2ee0f3]
V  [jvm.dll+0x2f1f87]
V  [jvm.dll+0x2f248c]
V  [jvm.dll+0x2ee3c2]
V  [jvm.dll+0x5e7b55]
V  [jvm.dll+0x5e78dd]
V  [jvm.dll+0x5af8e3]
V  [jvm.dll+0x739aef]
V  [jvm.dll+0x4bee61]
V  [jvm.dll+0x74908b]
V  [jvm.dll+0x4a54ee]
V  [jvm.dll+0x46ee7b]
C  [jdwp.dll+0x7bbc]


siginfo: EXCEPTION_ACCESS_VIOLATION (0xc0000005), reading address 0xffffffffffffffff


Register to memory mapping:

RIP=0x00007ffef5b7e0f3 jvm.dll
RAX=0x000002a37fe863a0 points into unknown readable memory: 01 00 22 00 10 00 02 00
RBX=0x000000c46f2feff0 is pointing into the stack for thread: 0x000002a37fdaa000
RCX=0x000000c46f2ff060 is pointing into the stack for thread: 0x000002a37fdaa000
RDX=0xffffffffffffca2e is an unknown value
RSP=0x000000c46f2fee20 is pointing into the stack for thread: 0x000002a37fdaa000
RBP=0x00007ffef5b7e0d0 jvm.dll
RSI=0x0 is NULL
RDI=0x00000000000000a6 is an unknown value
R8 =0x03ffffffffffff28 is an unknown value
R9 =0x000000000000002e is an unknown value
R10=0x0000000800b98040 is a pointer to class: 
lessons.ConsoleCalculator.Main {0x0000000800b98048}
R11={method} {0x000002a31439fbf0} 'main' '([Ljava/lang/String;)V' in 'lessons/ConsoleCalculator/Main'
R12=0x0000000000000001 is an unknown value
R13=0x00007ffef5890000 jvm.dll
R14=0x000002a31439fba8 is pointing into metadata
R15=0x0000000000000028 is an unknown value


Registers:
RAX=0x000002a37fe863a0, RBX=0x000000c46f2feff0, RCX=0x000000c46f2ff060, RDX=0xffffffffffffca2e
RSP=0x000000c46f2fee20, RBP=0x00007ffef5b7e0d0, RSI=0x0000000000000000, RDI=0x00000000000000a6
R8 =0x03ffffffffffff28, R9 =0x000000000000002e, R10=0x0000000800b98040, R11=0x000002a31439fbe8
R12=0x0000000000000001, R13=0x00007ffef5890000, R14=0x000002a31439fba8, R15=0x0000000000000028
RIP=0x00007ffef5b7e0f3, EFLAGS=0x0000000000010a07

Top of Stack: (sp=0x000000c46f2fee20)
0x000000c46f2fee20:   000002a37fa93f30 00007ffef5a55447
0x000000c46f2fee30:   0000000000000000 00007ffef5b9350a
0x000000c46f2fee40:   000000c46f2feff0 00007ffef5b81f87
0x000000c46f2fee50:   000000c46f2feff0 000002a37fdaa000
0x000000c46f2fee60:   000000c46f2feec0 00007ffef59a137e
0x000000c46f2fee70:   000002a31439fbe8 000000c46f2ff060
0x000000c46f2fee80:   000002a37fe8d068 000002a31439fba8
0x000000c46f2fee90:   00000000000000a6 00007ffef5b8248c
0x000000c46f2feea0:   000000c46f2feff0 0000000000000028
0x000000c46f2feeb0:   00000000000000a6 000002a364710cc0
0x000000c46f2feec0:   000002a31439fbe8 000002a37fdaa000
0x000000c46f2feed0:   0000002b00000028 000000a600000032
0x000000c46f2feee0:   0000003200000000 ffffffff000000a6
0x000000c46f2feef0:   000002a37fe8d068 0000000000000000
0x000000c46f2fef00:   0000000000000000 00000000000083b0
0x000000c46f2fef10:   000002a37fe86350 00007ffef5b7e3c2 

Instructions: (pc=0x00007ffef5b7e0f3)
0x00007ffef5b7dff3:   84 b4 00 00 00 48 8b 5b 10 48 85 db 75 ef 33 d2
0x00007ffef5b7e003:   8d 4a 18 e8 65 39 36 00 48 8b d8 48 85 c0 0f 84
0x00007ffef5b7e013:   8e 00 00 00 33 d2 48 89 6c 24 48 49 8b 2e 48 89
0x00007ffef5b7e023:   74 24 50 89 38 8d 4a 20 e8 40 39 36 00 33 ff 48
0x00007ffef5b7e033:   8b f0 48 85 c0 74 54 8b 0d 38 23 6d 00 8d 57 08
0x00007ffef5b7e043:   89 48 04 48 8b c8 89 38 c7 40 10 08 00 00 00 48
0x00007ffef5b7e053:   89 78 08 e8 45 4e 01 00 48 89 46 18 39 7e 04 7e
0x00007ffef5b7e063:   2d 0f 1f 40 00 0f 1f 84 00 00 00 00 00 48 8b 46
0x00007ffef5b7e073:   18 48 63 cf 48 8d 14 c8 48 85 d2 74 05 33 c0 48
0x00007ffef5b7e083:   89 02 ff c7 3b 7e 04 7c e4 eb 03 48 8b f7 48 89
0x00007ffef5b7e093:   73 08 48 8b 74 24 50 48 89 6b 10 48 8b 6c 24 48
0x00007ffef5b7e0a3:   eb 04 33 ff 8b df 49 89 1e 48 8b 4b 08 48 8d 54
0x00007ffef5b7e0b3:   24 40 4c 89 7c 24 40 e8 e1 8b dc ff 48 8b 5c 24
0x00007ffef5b7e0c3:   58 48 83 c4 20 41 5f 41 5e 5f c3 cc cc 40 53 48
0x00007ffef5b7e0d3:   83 ec 20 48 63 d2 48 8b d9 0f b6 c2 48 83 c1 70
0x00007ffef5b7e0e3:   24 3f 4c 8b c2 44 0f b6 c8 49 c1 e8 06 48 8b 01
0x00007ffef5b7e0f3:   4e 8b 04 c0 4d 0f a3 c8 72 0b 41 b0 01 e8 6b f9
0x00007ffef5b7e103:   e0 ff ff 43 6c 48 83 c4 20 5b c3 cc cc 8b c2 4c
0x00007ffef5b7e113:   8b d1 41 33 c0 a9 00 00 00 f0 0f 84 ca 00 00 00
0x00007ffef5b7e123:   44 8b ca 8b c2 41 c1 e9 1d b9 72 00 00 00 41 80
0x00007ffef5b7e133:   e1 01 c1 e8 1e 44 8d 59 ae a8 01 74 1a 45 84 c9
0x00007ffef5b7e143:   75 0d c1 ea 1c f6 c2 01 75 05 44 8b c9 eb 35 41
0x00007ffef5b7e153:   b9 23 00 00 00 eb 2d 45 84 c9 74 08 41 b9 76 00
0x00007ffef5b7e163:   00 00 eb 20 8b c2 c1 e8 1c a8 01 74 08 41 b9 70
0x00007ffef5b7e173:   00 00 00 eb 0f c1 ea 1f 41 b9 40 00 00 00 84 d2
0x00007ffef5b7e183:   45 0f 45 cb 41 8b d0 41 8b c0 c1 ea 1d 80 e2 01
0x00007ffef5b7e193:   c1 e8 1e a8 01 74 15 84 d2 75 0a 41 c1 e8 1c 41
0x00007ffef5b7e1a3:   f6 c0 01 74 33 b9 23 00 00 00 eb 2c 84 d2 74 07
0x00007ffef5b7e1b3:   b9 76 00 00 00 eb 21 41 8b c0 c1 e8 1c a8 01 74
0x00007ffef5b7e1c3:   07 b9 70 00 00 00 eb 10 41 c1 e8 1f b9 40 00 00
0x00007ffef5b7e1d3:   00 45 84 c0 41 0f 45 cb 44 8b c1 48 8d 15 53 79
0x00007ffef5b7e1e3:   56 00 49 8b ca e9 f3 5b 00 00 c3 cc cc 48 89 5c 


Stack slot to memory mapping:
stack at sp + 0 slots: 0x000002a37fa93f30 points into unknown readable memory: 98 21 eb 20 06 00 00 00
stack at sp + 1 slots: 0x00007ffef5a55447 jvm.dll
stack at sp + 2 slots: 0x0 is NULL
stack at sp + 3 slots: 0x00007ffef5b9350a jvm.dll
stack at sp + 4 slots: 0x000000c46f2feff0 is pointing into the stack for thread: 0x000002a37fdaa000
stack at sp + 5 slots: 0x00007ffef5b81f87 jvm.dll
stack at sp + 6 slots: 0x000000c46f2feff0 is pointing into the stack for thread: 0x000002a37fdaa000
stack at sp + 7 slots: 0x000002a37fdaa000 is a thread


---------------  P R O C E S S  ---------------

Threads class SMR info:
_java_thread_list=0x000002a37fe5a980, length=14, elements={
0x000002a3668ee000, 0x000002a37fb15000, 0x000002a37fb16800, 0x000002a37fc55000,
0x000002a37fc58000, 0x000002a37fc59800, 0x000002a37fc5b800, 0x000002a37fc61800,
0x000002a37fc63800, 0x000002a37fd88800, 0x000002a37fdaa000, 0x000002a37fde9800,
0x000002a37fdea800, 0x000002a37fe75800
}

Java Threads: ( => current thread )
  0x000002a3668ee000 JavaThread "main" [_thread_blocked, id=1260, stack(0x000000c46e200000,0x000000c46e300000)]
  0x000002a37fb15000 JavaThread "Reference Handler" daemon [_thread_blocked, id=14052, stack(0x000000c46e900000,0x000000c46ea00000)]
  0x000002a37fb16800 JavaThread "Finalizer" daemon [_thread_blocked, id=20992, stack(0x000000c46ea00000,0x000000c46eb00000)]
  0x000002a37fc55000 JavaThread "Signal Dispatcher" daemon [_thread_blocked, id=720, stack(0x000000c46eb00000,0x000000c46ec00000)]
  0x000002a37fc58000 JavaThread "Attach Listener" daemon [_thread_blocked, id=3244, stack(0x000000c46ec00000,0x000000c46ed00000)]
  0x000002a37fc59800 JavaThread "Service Thread" daemon [_thread_blocked, id=17844, stack(0x000000c46ed00000,0x000000c46ee00000)]
  0x000002a37fc5b800 JavaThread "C2 CompilerThread0" daemon [_thread_blocked, id=20644, stack(0x000000c46ee00000,0x000000c46ef00000)]
  0x000002a37fc61800 JavaThread "C1 CompilerThread0" daemon [_thread_blocked, id=20124, stack(0x000000c46ef00000,0x000000c46f000000)]
  0x000002a37fc63800 JavaThread "Sweeper thread" daemon [_thread_blocked, id=19648, stack(0x000000c46f000000,0x000000c46f100000)]
  0x000002a37fd88800 JavaThread "Common-Cleaner" daemon [_thread_blocked, id=20148, stack(0x000000c46f100000,0x000000c46f200000)]
=>0x000002a37fdaa000 JavaThread "JDWP Transport Listener: dt_socket" daemon [_thread_in_vm, id=872, stack(0x000000c46f200000,0x000000c46f300000)]
  0x000002a37fde9800 JavaThread "JDWP Event Helper Thread" daemon [_thread_blocked, id=3680, stack(0x000000c46f300000,0x000000c46f400000)]
  0x000002a37fdea800 JavaThread "JDWP Command Reader" daemon [_thread_in_native, id=18512, stack(0x000000c46f400000,0x000000c46f500000)]
  0x000002a37fe75800 JavaThread "Notification Thread" daemon [_thread_blocked, id=12060, stack(0x000000c46f500000,0x000000c46f600000)]

Other Threads:
  0x000002a37fb10800 VMThread "VM Thread" [stack: 0x000000c46e800000,0x000000c46e900000] [id=9740]
  0x000002a37fe78800 WatcherThread [stack: 0x000000c46f600000,0x000000c46f700000] [id=17432]
  0x000002a366971800 GCTaskThread "GC Thread#0" [stack: 0x000000c46e300000,0x000000c46e400000] [id=16572]
  0x000002a366993000 ConcurrentGCThread "G1 Main Marker" [stack: 0x000000c46e400000,0x000000c46e500000] [id=15864]
  0x000002a366995800 ConcurrentGCThread "G1 Conc#0" [stack: 0x000000c46e500000,0x000000c46e600000] [id=9940]
  0x000002a37fa9d000 ConcurrentGCThread "G1 Refine#0" [stack: 0x000000c46e600000,0x000000c46e700000] [id=11632]
  0x000002a37fa9e800 ConcurrentGCThread "G1 Young RemSet Sampling" [stack: 0x000000c46e700000,0x000000c46e800000] [id=12264]

Threads with active compile tasks:

VM state:not at safepoint (normal execution)

VM Mutex/Monitor currently owned by a thread: None

Heap address: 0x0000000601000000, size: 8176 MB, Compressed Oops mode: Zero based, Oop shift amount: 3
Narrow klass base: 0x0000000800000000, Narrow klass shift: 3
Compressed class space size: 1073741824 Address: 0x0000000800b30000

Heap:
 garbage-first heap   total 524288K, used 2048K [0x0000000601000000, 0x0000000800000000)
  region size 2048K, 2 young (4096K), 0 survivors (0K)
 Metaspace       used 738K, capacity 4691K, committed 4864K, reserved 1056768K
  class space    used 75K, capacity 438K, committed 512K, reserved 1048576K
Heap Regions: E=young(eden), S=young(survivor), O=old, HS=humongous(starts), HC=humongous(continues), CS=collection set, F=free, OA=open archive, CA=closed archive, TAMS=top-at-mark-start (previous, next)
|   0|0x0000000601000000, 0x0000000601000000, 0x0000000601200000|  0%| F|  |TAMS 0x0000000601000000, 0x0000000601000000| Untracked 
|   1|0x0000000601200000, 0x0000000601200000, 0x0000000601400000|  0%| F|  |TAMS 0x0000000601200000, 0x0000000601200000| Untracked 
|   2|0x0000000601400000, 0x0000000601400000, 0x0000000601600000|  0%| F|  |TAMS 0x0000000601400000, 0x0000000601400000| Untracked 
|   3|0x0000000601600000, 0x0000000601600000, 0x0000000601800000|  0%| F|  |TAMS 0x0000000601600000, 0x0000000601600000| Untracked 
|   4|0x0000000601800000, 0x0000000601800000, 0x0000000601a00000|  0%| F|  |TAMS 0x0000000601800000, 0x0000000601800000| Untracked 
|   5|0x0000000601a00000, 0x0000000601a00000, 0x0000000601c00000|  0%| F|  |TAMS 0x0000000601a00000, 0x0000000601a00000| Untracked 
|   6|0x0000000601c00000, 0x0000000601c00000, 0x0000000601e00000|  0%| F|  |TAMS 0x0000000601c00000, 0x0000000601c00000| Untracked 
|   7|0x0000000601e00000, 0x0000000601e00000, 0x0000000602000000|  0%| F|  |TAMS 0x0000000601e00000, 0x0000000601e00000| Untracked 
|   8|0x0000000602000000, 0x0000000602000000, 0x0000000602200000|  0%| F|  |TAMS 0x0000000602000000, 0x0000000602000000| Untracked 
|   9|0x0000000602200000, 0x0000000602200000, 0x0000000602400000|  0%| F|  |TAMS 0x0000000602200000, 0x0000000602200000| Untracked 
|  10|0x0000000602400000, 0x0000000602400000, 0x0000000602600000|  0%| F|  |TAMS 0x0000000602400000, 0x0000000602400000| Untracked 
|  11|0x0000000602600000, 0x0000000602600000, 0x0000000602800000|  0%| F|  |TAMS 0x0000000602600000, 0x0000000602600000| Untracked 
|  12|0x0000000602800000, 0x0000000602800000, 0x0000000602a00000|  0%| F|  |TAMS 0x0000000602800000, 0x0000000602800000| Untracked 
|  13|0x0000000602a00000, 0x0000000602a00000, 0x0000000602c00000|  0%| F|  |TAMS 0x0000000602a00000, 0x0000000602a00000| Untracked 
|  14|0x0000000602c00000, 0x0000000602c00000, 0x0000000602e00000|  0%| F|  |TAMS 0x0000000602c00000, 0x0000000602c00000| Untracked 
|  15|0x0000000602e00000, 0x0000000602e00000, 0x0000000603000000|  0%| F|  |TAMS 0x0000000602e00000, 0x0000000602e00000| Untracked 
|  16|0x0000000603000000, 0x0000000603000000, 0x0000000603200000|  0%| F|  |TAMS 0x0000000603000000, 0x0000000603000000| Untracked 
|  17|0x0000000603200000, 0x0000000603200000, 0x0000000603400000|  0%| F|  |TAMS 0x0000000603200000, 0x0000000603200000| Untracked 
|  18|0x0000000603400000, 0x0000000603400000, 0x0000000603600000|  0%| F|  |TAMS 0x0000000603400000, 0x0000000603400000| Untracked 
|  19|0x0000000603600000, 0x0000000603600000, 0x0000000603800000|  0%| F|  |TAMS 0x0000000603600000, 0x0000000603600000| Untracked 
|  20|0x0000000603800000, 0x0000000603800000, 0x0000000603a00000|  0%| F|  |TAMS 0x0000000603800000, 0x0000000603800000| Untracked 
|  21|0x0000000603a00000, 0x0000000603a00000, 0x0000000603c00000|  0%| F|  |TAMS 0x0000000603a00000, 0x0000000603a00000| Untracked 
|  22|0x0000000603c00000, 0x0000000603c00000, 0x0000000603e00000|  0%| F|  |TAMS 0x0000000603c00000, 0x0000000603c00000| Untracked 
|  23|0x0000000603e00000, 0x0000000603e00000, 0x0000000604000000|  0%| F|  |TAMS 0x0000000603e00000, 0x0000000603e00000| Untracked 
|  24|0x0000000604000000, 0x0000000604000000, 0x0000000604200000|  0%| F|  |TAMS 0x0000000604000000, 0x0000000604000000| Untracked 
|  25|0x0000000604200000, 0x0000000604200000, 0x0000000604400000|  0%| F|  |TAMS 0x0000000604200000, 0x0000000604200000| Untracked 
|  26|0x0000000604400000, 0x0000000604400000, 0x0000000604600000|  0%| F|  |TAMS 0x0000000604400000, 0x0000000604400000| Untracked 
|  27|0x0000000604600000, 0x0000000604600000, 0x0000000604800000|  0%| F|  |TAMS 0x0000000604600000, 0x0000000604600000| Untracked 
|  28|0x0000000604800000, 0x0000000604800000, 0x0000000604a00000|  0%| F|  |TAMS 0x0000000604800000, 0x0000000604800000| Untracked 
|  29|0x0000000604a00000, 0x0000000604a00000, 0x0000000604c00000|  0%| F|  |TAMS 0x0000000604a00000, 0x0000000604a00000| Untracked 
|  30|0x0000000604c00000, 0x0000000604c00000, 0x0000000604e00000|  0%| F|  |TAMS 0x0000000604c00000, 0x0000000604c00000| Untracked 
|  31|0x0000000604e00000, 0x0000000604e00000, 0x0000000605000000|  0%| F|  |TAMS 0x0000000604e00000, 0x0000000604e00000| Untracked 
|  32|0x0000000605000000, 0x0000000605000000, 0x0000000605200000|  0%| F|  |TAMS 0x0000000605000000, 0x0000000605000000| Untracked 
|  33|0x0000000605200000, 0x0000000605200000, 0x0000000605400000|  0%| F|  |TAMS 0x0000000605200000, 0x0000000605200000| Untracked 
|  34|0x0000000605400000, 0x0000000605400000, 0x0000000605600000|  0%| F|  |TAMS 0x0000000605400000, 0x0000000605400000| Untracked 
|  35|0x0000000605600000, 0x0000000605600000, 0x0000000605800000|  0%| F|  |TAMS 0x0000000605600000, 0x0000000605600000| Untracked 
|  36|0x0000000605800000, 0x0000000605800000, 0x0000000605a00000|  0%| F|  |TAMS 0x0000000605800000, 0x0000000605800000| Untracked 
|  37|0x0000000605a00000, 0x0000000605a00000, 0x0000000605c00000|  0%| F|  |TAMS 0x0000000605a00000, 0x0000000605a00000| Untracked 
|  38|0x0000000605c00000, 0x0000000605c00000, 0x0000000605e00000|  0%| F|  |TAMS 0x0000000605c00000, 0x0000000605c00000| Untracked 
|  39|0x0000000605e00000, 0x0000000605e00000, 0x0000000606000000|  0%| F|  |TAMS 0x0000000605e00000, 0x0000000605e00000| Untracked 
|  40|0x0000000606000000, 0x0000000606000000, 0x0000000606200000|  0%| F|  |TAMS 0x0000000606000000, 0x0000000606000000| Untracked 
|  41|0x0000000606200000, 0x0000000606200000, 0x0000000606400000|  0%| F|  |TAMS 0x0000000606200000, 0x0000000606200000| Untracked 
|  42|0x0000000606400000, 0x0000000606400000, 0x0000000606600000|  0%| F|  |TAMS 0x0000000606400000, 0x0000000606400000| Untracked 
|  43|0x0000000606600000, 0x0000000606600000, 0x0000000606800000|  0%| F|  |TAMS 0x0000000606600000, 0x0000000606600000| Untracked 
|  44|0x0000000606800000, 0x0000000606800000, 0x0000000606a00000|  0%| F|  |TAMS 0x0000000606800000, 0x0000000606800000| Untracked 
|  45|0x0000000606a00000, 0x0000000606a00000, 0x0000000606c00000|  0%| F|  |TAMS 0x0000000606a00000, 0x0000000606a00000| Untracked 
|  46|0x0000000606c00000, 0x0000000606c00000, 0x0000000606e00000|  0%| F|  |TAMS 0x0000000606c00000, 0x0000000606c00000| Untracked 
|  47|0x0000000606e00000, 0x0000000606e00000, 0x0000000607000000|  0%| F|  |TAMS 0x0000000606e00000, 0x0000000606e00000| Untracked 
|  48|0x0000000607000000, 0x0000000607000000, 0x0000000607200000|  0%| F|  |TAMS 0x0000000607000000, 0x0000000607000000| Untracked 
|  49|0x0000000607200000, 0x0000000607200000, 0x0000000607400000|  0%| F|  |TAMS 0x0000000607200000, 0x0000000607200000| Untracked 
|  50|0x0000000607400000, 0x0000000607400000, 0x0000000607600000|  0%| F|  |TAMS 0x0000000607400000, 0x0000000607400000| Untracked 
|  51|0x0000000607600000, 0x0000000607600000, 0x0000000607800000|  0%| F|  |TAMS 0x0000000607600000, 0x0000000607600000| Untracked 
|  52|0x0000000607800000, 0x0000000607800000, 0x0000000607a00000|  0%| F|  |TAMS 0x0000000607800000, 0x0000000607800000| Untracked 
|  53|0x0000000607a00000, 0x0000000607a00000, 0x0000000607c00000|  0%| F|  |TAMS 0x0000000607a00000, 0x0000000607a00000| Untracked 
|  54|0x0000000607c00000, 0x0000000607c00000, 0x0000000607e00000|  0%| F|  |TAMS 0x0000000607c00000, 0x0000000607c00000| Untracked 
|  55|0x0000000607e00000, 0x0000000607e00000, 0x0000000608000000|  0%| F|  |TAMS 0x0000000607e00000, 0x0000000607e00000| Untracked 
|  56|0x0000000608000000, 0x0000000608000000, 0x0000000608200000|  0%| F|  |TAMS 0x0000000608000000, 0x0000000608000000| Untracked 
|  57|0x0000000608200000, 0x0000000608200000, 0x0000000608400000|  0%| F|  |TAMS 0x0000000608200000, 0x0000000608200000| Untracked 
|  58|0x0000000608400000, 0x0000000608400000, 0x0000000608600000|  0%| F|  |TAMS 0x0000000608400000, 0x0000000608400000| Untracked 
|  59|0x0000000608600000, 0x0000000608600000, 0x0000000608800000|  0%| F|  |TAMS 0x0000000608600000, 0x0000000608600000| Untracked 
|  60|0x0000000608800000, 0x0000000608800000, 0x0000000608a00000|  0%| F|  |TAMS 0x0000000608800000, 0x0000000608800000| Untracked 
|  61|0x0000000608a00000, 0x0000000608a00000, 0x0000000608c00000|  0%| F|  |TAMS 0x0000000608a00000, 0x0000000608a00000| Untracked 
|  62|0x0000000608c00000, 0x0000000608c00000, 0x0000000608e00000|  0%| F|  |TAMS 0x0000000608c00000, 0x0000000608c00000| Untracked 
|  63|0x0000000608e00000, 0x0000000608e00000, 0x0000000609000000|  0%| F|  |TAMS 0x0000000608e00000, 0x0000000608e00000| Untracked 
|  64|0x0000000609000000, 0x0000000609000000, 0x0000000609200000|  0%| F|  |TAMS 0x0000000609000000, 0x0000000609000000| Untracked 
|  65|0x0000000609200000, 0x0000000609200000, 0x0000000609400000|  0%| F|  |TAMS 0x0000000609200000, 0x0000000609200000| Untracked 
|  66|0x0000000609400000, 0x0000000609400000, 0x0000000609600000|  0%| F|  |TAMS 0x0000000609400000, 0x0000000609400000| Untracked 
|  67|0x0000000609600000, 0x0000000609600000, 0x0000000609800000|  0%| F|  |TAMS 0x0000000609600000, 0x0000000609600000| Untracked 
|  68|0x0000000609800000, 0x0000000609800000, 0x0000000609a00000|  0%| F|  |TAMS 0x0000000609800000, 0x0000000609800000| Untracked 
|  69|0x0000000609a00000, 0x0000000609a00000, 0x0000000609c00000|  0%| F|  |TAMS 0x0000000609a00000, 0x0000000609a00000| Untracked 
|  70|0x0000000609c00000, 0x0000000609c00000, 0x0000000609e00000|  0%| F|  |TAMS 0x0000000609c00000, 0x0000000609c00000| Untracked 
|  71|0x0000000609e00000, 0x0000000609e00000, 0x000000060a000000|  0%| F|  |TAMS 0x0000000609e00000, 0x0000000609e00000| Untracked 
|  72|0x000000060a000000, 0x000000060a000000, 0x000000060a200000|  0%| F|  |TAMS 0x000000060a000000, 0x000000060a000000| Untracked 
|  73|0x000000060a200000, 0x000000060a200000, 0x000000060a400000|  0%| F|  |TAMS 0x000000060a200000, 0x000000060a200000| Untracked 
|  74|0x000000060a400000, 0x000000060a400000, 0x000000060a600000|  0%| F|  |TAMS 0x000000060a400000, 0x000000060a400000| Untracked 
|  75|0x000000060a600000, 0x000000060a600000, 0x000000060a800000|  0%| F|  |TAMS 0x000000060a600000, 0x000000060a600000| Untracked 
|  76|0x000000060a800000, 0x000000060a800000, 0x000000060aa00000|  0%| F|  |TAMS 0x000000060a800000, 0x000000060a800000| Untracked 
|  77|0x000000060aa00000, 0x000000060aa00000, 0x000000060ac00000|  0%| F|  |TAMS 0x000000060aa00000, 0x000000060aa00000| Untracked 
|  78|0x000000060ac00000, 0x000000060ac00000, 0x000000060ae00000|  0%| F|  |TAMS 0x000000060ac00000, 0x000000060ac00000| Untracked 
|  79|0x000000060ae00000, 0x000000060ae00000, 0x000000060b000000|  0%| F|  |TAMS 0x000000060ae00000, 0x000000060ae00000| Untracked 
|  80|0x000000060b000000, 0x000000060b000000, 0x000000060b200000|  0%| F|  |TAMS 0x000000060b000000, 0x000000060b000000| Untracked 
|  81|0x000000060b200000, 0x000000060b200000, 0x000000060b400000|  0%| F|  |TAMS 0x000000060b200000, 0x000000060b200000| Untracked 
|  82|0x000000060b400000, 0x000000060b400000, 0x000000060b600000|  0%| F|  |TAMS 0x000000060b400000, 0x000000060b400000| Untracked 
|  83|0x000000060b600000, 0x000000060b600000, 0x000000060b800000|  0%| F|  |TAMS 0x000000060b600000, 0x000000060b600000| Untracked 
|  84|0x000000060b800000, 0x000000060b800000, 0x000000060ba00000|  0%| F|  |TAMS 0x000000060b800000, 0x000000060b800000| Untracked 
|  85|0x000000060ba00000, 0x000000060ba00000, 0x000000060bc00000|  0%| F|  |TAMS 0x000000060ba00000, 0x000000060ba00000| Untracked 
|  86|0x000000060bc00000, 0x000000060bc00000, 0x000000060be00000|  0%| F|  |TAMS 0x000000060bc00000, 0x000000060bc00000| Untracked 
|  87|0x000000060be00000, 0x000000060be00000, 0x000000060c000000|  0%| F|  |TAMS 0x000000060be00000, 0x000000060be00000| Untracked 
|  88|0x000000060c000000, 0x000000060c000000, 0x000000060c200000|  0%| F|  |TAMS 0x000000060c000000, 0x000000060c000000| Untracked 
|  89|0x000000060c200000, 0x000000060c200000, 0x000000060c400000|  0%| F|  |TAMS 0x000000060c200000, 0x000000060c200000| Untracked 
|  90|0x000000060c400000, 0x000000060c400000, 0x000000060c600000|  0%| F|  |TAMS 0x000000060c400000, 0x000000060c400000| Untracked 
|  91|0x000000060c600000, 0x000000060c600000, 0x000000060c800000|  0%| F|  |TAMS 0x000000060c600000, 0x000000060c600000| Untracked 
|  92|0x000000060c800000, 0x000000060c800000, 0x000000060ca00000|  0%| F|  |TAMS 0x000000060c800000, 0x000000060c800000| Untracked 
|  93|0x000000060ca00000, 0x000000060ca00000, 0x000000060cc00000|  0%| F|  |TAMS 0x000000060ca00000, 0x000000060ca00000| Untracked 
|  94|0x000000060cc00000, 0x000000060cc00000, 0x000000060ce00000|  0%| F|  |TAMS 0x000000060cc00000, 0x000000060cc00000| Untracked 
|  95|0x000000060ce00000, 0x000000060ce00000, 0x000000060d000000|  0%| F|  |TAMS 0x000000060ce00000, 0x000000060ce00000| Untracked 
|  96|0x000000060d000000, 0x000000060d000000, 0x000000060d200000|  0%| F|  |TAMS 0x000000060d000000, 0x000000060d000000| Untracked 
|  97|0x000000060d200000, 0x000000060d200000, 0x000000060d400000|  0%| F|  |TAMS 0x000000060d200000, 0x000000060d200000| Untracked 
|  98|0x000000060d400000, 0x000000060d400000, 0x000000060d600000|  0%| F|  |TAMS 0x000000060d400000, 0x000000060d400000| Untracked 
|  99|0x000000060d600000, 0x000000060d600000, 0x000000060d800000|  0%| F|  |TAMS 0x000000060d600000, 0x000000060d600000| Untracked 
| 100|0x000000060d800000, 0x000000060d800000, 0x000000060da00000|  0%| F|  |TAMS 0x000000060d800000, 0x000000060d800000| Untracked 
| 101|0x000000060da00000, 0x000000060da00000, 0x000000060dc00000|  0%| F|  |TAMS 0x000000060da00000, 0x000000060da00000| Untracked 
| 102|0x000000060dc00000, 0x000000060dc00000, 0x000000060de00000|  0%| F|  |TAMS 0x000000060dc00000, 0x000000060dc00000| Untracked 
| 103|0x000000060de00000, 0x000000060de00000, 0x000000060e000000|  0%| F|  |TAMS 0x000000060de00000, 0x000000060de00000| Untracked 
| 104|0x000000060e000000, 0x000000060e000000, 0x000000060e200000|  0%| F|  |TAMS 0x000000060e000000, 0x000000060e000000| Untracked 
| 105|0x000000060e200000, 0x000000060e200000, 0x000000060e400000|  0%| F|  |TAMS 0x000000060e200000, 0x000000060e200000| Untracked 
| 106|0x000000060e400000, 0x000000060e400000, 0x000000060e600000|  0%| F|  |TAMS 0x000000060e400000, 0x000000060e400000| Untracked 
| 107|0x000000060e600000, 0x000000060e600000, 0x000000060e800000|  0%| F|  |TAMS 0x000000060e600000, 0x000000060e600000| Untracked 
| 108|0x000000060e800000, 0x000000060e800000, 0x000000060ea00000|  0%| F|  |TAMS 0x000000060e800000, 0x000000060e800000| Untracked 
| 109|0x000000060ea00000, 0x000000060ea00000, 0x000000060ec00000|  0%| F|  |TAMS 0x000000060ea00000, 0x000000060ea00000| Untracked 
| 110|0x000000060ec00000, 0x000000060ec00000, 0x000000060ee00000|  0%| F|  |TAMS 0x000000060ec00000, 0x000000060ec00000| Untracked 
| 111|0x000000060ee00000, 0x000000060ee00000, 0x000000060f000000|  0%| F|  |TAMS 0x000000060ee00000, 0x000000060ee00000| Untracked 
| 112|0x000000060f000000, 0x000000060f000000, 0x000000060f200000|  0%| F|  |TAMS 0x000000060f000000, 0x000000060f000000| Untracked 
| 113|0x000000060f200000, 0x000000060f200000, 0x000000060f400000|  0%| F|  |TAMS 0x000000060f200000, 0x000000060f200000| Untracked 
| 114|0x000000060f400000, 0x000000060f400000, 0x000000060f600000|  0%| F|  |TAMS 0x000000060f400000, 0x000000060f400000| Untracked 
| 115|0x000000060f600000, 0x000000060f600000, 0x000000060f800000|  0%| F|  |TAMS 0x000000060f600000, 0x000000060f600000| Untracked 
| 116|0x000000060f800000, 0x000000060f800000, 0x000000060fa00000|  0%| F|  |TAMS 0x000000060f800000, 0x000000060f800000| Untracked 
| 117|0x000000060fa00000, 0x000000060fa00000, 0x000000060fc00000|  0%| F|  |TAMS 0x000000060fa00000, 0x000000060fa00000| Untracked 
| 118|0x000000060fc00000, 0x000000060fc00000, 0x000000060fe00000|  0%| F|  |TAMS 0x000000060fc00000, 0x000000060fc00000| Untracked 
| 119|0x000000060fe00000, 0x000000060fe00000, 0x0000000610000000|  0%| F|  |TAMS 0x000000060fe00000, 0x000000060fe00000| Untracked 
| 120|0x0000000610000000, 0x0000000610000000, 0x0000000610200000|  0%| F|  |TAMS 0x0000000610000000, 0x0000000610000000| Untracked 
| 121|0x0000000610200000, 0x0000000610200000, 0x0000000610400000|  0%| F|  |TAMS 0x0000000610200000, 0x0000000610200000| Untracked 
| 122|0x0000000610400000, 0x0000000610400000, 0x0000000610600000|  0%| F|  |TAMS 0x0000000610400000, 0x0000000610400000| Untracked 
| 123|0x0000000610600000, 0x0000000610600000, 0x0000000610800000|  0%| F|  |TAMS 0x0000000610600000, 0x0000000610600000| Untracked 
| 124|0x0000000610800000, 0x0000000610800000, 0x0000000610a00000|  0%| F|  |TAMS 0x0000000610800000, 0x0000000610800000| Untracked 
| 125|0x0000000610a00000, 0x0000000610a00000, 0x0000000610c00000|  0%| F|  |TAMS 0x0000000610a00000, 0x0000000610a00000| Untracked 
| 126|0x0000000610c00000, 0x0000000610c00000, 0x0000000610e00000|  0%| F|  |TAMS 0x0000000610c00000, 0x0000000610c00000| Untracked 
| 127|0x0000000610e00000, 0x0000000610e00000, 0x0000000611000000|  0%| F|  |TAMS 0x0000000610e00000, 0x0000000610e00000| Untracked 
| 128|0x0000000611000000, 0x0000000611000000, 0x0000000611200000|  0%| F|  |TAMS 0x0000000611000000, 0x0000000611000000| Untracked 
| 129|0x0000000611200000, 0x0000000611200000, 0x0000000611400000|  0%| F|  |TAMS 0x0000000611200000, 0x0000000611200000| Untracked 
| 130|0x0000000611400000, 0x0000000611400000, 0x0000000611600000|  0%| F|  |TAMS 0x0000000611400000, 0x0000000611400000| Untracked 
| 131|0x0000000611600000, 0x0000000611600000, 0x0000000611800000|  0%| F|  |TAMS 0x0000000611600000, 0x0000000611600000| Untracked 
| 132|0x0000000611800000, 0x0000000611800000, 0x0000000611a00000|  0%| F|  |TAMS 0x0000000611800000, 0x0000000611800000| Untracked 
| 133|0x0000000611a00000, 0x0000000611a00000, 0x0000000611c00000|  0%| F|  |TAMS 0x0000000611a00000, 0x0000000611a00000| Untracked 
| 134|0x0000000611c00000, 0x0000000611c00000, 0x0000000611e00000|  0%| F|  |TAMS 0x0000000611c00000, 0x0000000611c00000| Untracked 
| 135|0x0000000611e00000, 0x0000000611e00000, 0x0000000612000000|  0%| F|  |TAMS 0x0000000611e00000, 0x0000000611e00000| Untracked 
| 136|0x0000000612000000, 0x0000000612000000, 0x0000000612200000|  0%| F|  |TAMS 0x0000000612000000, 0x0000000612000000| Untracked 
| 137|0x0000000612200000, 0x0000000612200000, 0x0000000612400000|  0%| F|  |TAMS 0x0000000612200000, 0x0000000612200000| Untracked 
| 138|0x0000000612400000, 0x0000000612400000, 0x0000000612600000|  0%| F|  |TAMS 0x0000000612400000, 0x0000000612400000| Untracked 
| 139|0x0000000612600000, 0x0000000612600000, 0x0000000612800000|  0%| F|  |TAMS 0x0000000612600000, 0x0000000612600000| Untracked 
| 140|0x0000000612800000, 0x0000000612800000, 0x0000000612a00000|  0%| F|  |TAMS 0x0000000612800000, 0x0000000612800000| Untracked 
| 141|0x0000000612a00000, 0x0000000612a00000, 0x0000000612c00000|  0%| F|  |TAMS 0x0000000612a00000, 0x0000000612a00000| Untracked 
| 142|0x0000000612c00000, 0x0000000612c00000, 0x0000000612e00000|  0%| F|  |TAMS 0x0000000612c00000, 0x0000000612c00000| Untracked 
| 143|0x0000000612e00000, 0x0000000612e00000, 0x0000000613000000|  0%| F|  |TAMS 0x0000000612e00000, 0x0000000612e00000| Untracked 
| 144|0x0000000613000000, 0x0000000613000000, 0x0000000613200000|  0%| F|  |TAMS 0x0000000613000000, 0x0000000613000000| Untracked 
| 145|0x0000000613200000, 0x0000000613200000, 0x0000000613400000|  0%| F|  |TAMS 0x0000000613200000, 0x0000000613200000| Untracked 
| 146|0x0000000613400000, 0x0000000613400000, 0x0000000613600000|  0%| F|  |TAMS 0x0000000613400000, 0x0000000613400000| Untracked 
| 147|0x0000000613600000, 0x0000000613600000, 0x0000000613800000|  0%| F|  |TAMS 0x0000000613600000, 0x0000000613600000| Untracked 
| 148|0x0000000613800000, 0x0000000613800000, 0x0000000613a00000|  0%| F|  |TAMS 0x0000000613800000, 0x0000000613800000| Untracked 
| 149|0x0000000613a00000, 0x0000000613a00000, 0x0000000613c00000|  0%| F|  |TAMS 0x0000000613a00000, 0x0000000613a00000| Untracked 
| 150|0x0000000613c00000, 0x0000000613c00000, 0x0000000613e00000|  0%| F|  |TAMS 0x0000000613c00000, 0x0000000613c00000| Untracked 
| 151|0x0000000613e00000, 0x0000000613e00000, 0x0000000614000000|  0%| F|  |TAMS 0x0000000613e00000, 0x0000000613e00000| Untracked 
| 152|0x0000000614000000, 0x0000000614000000, 0x0000000614200000|  0%| F|  |TAMS 0x0000000614000000, 0x0000000614000000| Untracked 
| 153|0x0000000614200000, 0x0000000614200000, 0x0000000614400000|  0%| F|  |TAMS 0x0000000614200000, 0x0000000614200000| Untracked 
| 154|0x0000000614400000, 0x0000000614400000, 0x0000000614600000|  0%| F|  |TAMS 0x0000000614400000, 0x0000000614400000| Untracked 
| 155|0x0000000614600000, 0x0000000614600000, 0x0000000614800000|  0%| F|  |TAMS 0x0000000614600000, 0x0000000614600000| Untracked 
| 156|0x0000000614800000, 0x0000000614800000, 0x0000000614a00000|  0%| F|  |TAMS 0x0000000614800000, 0x0000000614800000| Untracked 
| 157|0x0000000614a00000, 0x0000000614a00000, 0x0000000614c00000|  0%| F|  |TAMS 0x0000000614a00000, 0x0000000614a00000| Untracked 
| 158|0x0000000614c00000, 0x0000000614c00000, 0x0000000614e00000|  0%| F|  |TAMS 0x0000000614c00000, 0x0000000614c00000| Untracked 
| 159|0x0000000614e00000, 0x0000000614e00000, 0x0000000615000000|  0%| F|  |TAMS 0x0000000614e00000, 0x0000000614e00000| Untracked 
| 160|0x0000000615000000, 0x0000000615000000, 0x0000000615200000|  0%| F|  |TAMS 0x0000000615000000, 0x0000000615000000| Untracked 
| 161|0x0000000615200000, 0x0000000615200000, 0x0000000615400000|  0%| F|  |TAMS 0x0000000615200000, 0x0000000615200000| Untracked 
| 162|0x0000000615400000, 0x0000000615400000, 0x0000000615600000|  0%| F|  |TAMS 0x0000000615400000, 0x0000000615400000| Untracked 
| 163|0x0000000615600000, 0x0000000615600000, 0x0000000615800000|  0%| F|  |TAMS 0x0000000615600000, 0x0000000615600000| Untracked 
| 164|0x0000000615800000, 0x0000000615800000, 0x0000000615a00000|  0%| F|  |TAMS 0x0000000615800000, 0x0000000615800000| Untracked 
| 165|0x0000000615a00000, 0x0000000615a00000, 0x0000000615c00000|  0%| F|  |TAMS 0x0000000615a00000, 0x0000000615a00000| Untracked 
| 166|0x0000000615c00000, 0x0000000615c00000, 0x0000000615e00000|  0%| F|  |TAMS 0x0000000615c00000, 0x0000000615c00000| Untracked 
| 167|0x0000000615e00000, 0x0000000615e00000, 0x0000000616000000|  0%| F|  |TAMS 0x0000000615e00000, 0x0000000615e00000| Untracked 
| 168|0x0000000616000000, 0x0000000616000000, 0x0000000616200000|  0%| F|  |TAMS 0x0000000616000000, 0x0000000616000000| Untracked 
| 169|0x0000000616200000, 0x0000000616200000, 0x0000000616400000|  0%| F|  |TAMS 0x0000000616200000, 0x0000000616200000| Untracked 
| 170|0x0000000616400000, 0x0000000616400000, 0x0000000616600000|  0%| F|  |TAMS 0x0000000616400000, 0x0000000616400000| Untracked 
| 171|0x0000000616600000, 0x0000000616600000, 0x0000000616800000|  0%| F|  |TAMS 0x0000000616600000, 0x0000000616600000| Untracked 
| 172|0x0000000616800000, 0x0000000616800000, 0x0000000616a00000|  0%| F|  |TAMS 0x0000000616800000, 0x0000000616800000| Untracked 
| 173|0x0000000616a00000, 0x0000000616a00000, 0x0000000616c00000|  0%| F|  |TAMS 0x0000000616a00000, 0x0000000616a00000| Untracked 
| 174|0x0000000616c00000, 0x0000000616c00000, 0x0000000616e00000|  0%| F|  |TAMS 0x0000000616c00000, 0x0000000616c00000| Untracked 
| 175|0x0000000616e00000, 0x0000000616e00000, 0x0000000617000000|  0%| F|  |TAMS 0x0000000616e00000, 0x0000000616e00000| Untracked 
| 176|0x0000000617000000, 0x0000000617000000, 0x0000000617200000|  0%| F|  |TAMS 0x0000000617000000, 0x0000000617000000| Untracked 
| 177|0x0000000617200000, 0x0000000617200000, 0x0000000617400000|  0%| F|  |TAMS 0x0000000617200000, 0x0000000617200000| Untracked 
| 178|0x0000000617400000, 0x0000000617400000, 0x0000000617600000|  0%| F|  |TAMS 0x0000000617400000, 0x0000000617400000| Untracked 
| 179|0x0000000617600000, 0x0000000617600000, 0x0000000617800000|  0%| F|  |TAMS 0x0000000617600000, 0x0000000617600000| Untracked 
| 180|0x0000000617800000, 0x0000000617800000, 0x0000000617a00000|  0%| F|  |TAMS 0x0000000617800000, 0x0000000617800000| Untracked 
| 181|0x0000000617a00000, 0x0000000617a00000, 0x0000000617c00000|  0%| F|  |TAMS 0x0000000617a00000, 0x0000000617a00000| Untracked 
| 182|0x0000000617c00000, 0x0000000617c00000, 0x0000000617e00000|  0%| F|  |TAMS 0x0000000617c00000, 0x0000000617c00000| Untracked 
| 183|0x0000000617e00000, 0x0000000617e00000, 0x0000000618000000|  0%| F|  |TAMS 0x0000000617e00000, 0x0000000617e00000| Untracked 
| 184|0x0000000618000000, 0x0000000618000000, 0x0000000618200000|  0%| F|  |TAMS 0x0000000618000000, 0x0000000618000000| Untracked 
| 185|0x0000000618200000, 0x0000000618200000, 0x0000000618400000|  0%| F|  |TAMS 0x0000000618200000, 0x0000000618200000| Untracked 
| 186|0x0000000618400000, 0x0000000618400000, 0x0000000618600000|  0%| F|  |TAMS 0x0000000618400000, 0x0000000618400000| Untracked 
| 187|0x0000000618600000, 0x0000000618600000, 0x0000000618800000|  0%| F|  |TAMS 0x0000000618600000, 0x0000000618600000| Untracked 
| 188|0x0000000618800000, 0x0000000618800000, 0x0000000618a00000|  0%| F|  |TAMS 0x0000000618800000, 0x0000000618800000| Untracked 
| 189|0x0000000618a00000, 0x0000000618a00000, 0x0000000618c00000|  0%| F|  |TAMS 0x0000000618a00000, 0x0000000618a00000| Untracked 
| 190|0x0000000618c00000, 0x0000000618c00000, 0x0000000618e00000|  0%| F|  |TAMS 0x0000000618c00000, 0x0000000618c00000| Untracked 
| 191|0x0000000618e00000, 0x0000000618e00000, 0x0000000619000000|  0%| F|  |TAMS 0x0000000618e00000, 0x0000000618e00000| Untracked 
| 192|0x0000000619000000, 0x0000000619000000, 0x0000000619200000|  0%| F|  |TAMS 0x0000000619000000, 0x0000000619000000| Untracked 
| 193|0x0000000619200000, 0x0000000619200000, 0x0000000619400000|  0%| F|  |TAMS 0x0000000619200000, 0x0000000619200000| Untracked 
| 194|0x0000000619400000, 0x0000000619400000, 0x0000000619600000|  0%| F|  |TAMS 0x0000000619400000, 0x0000000619400000| Untracked 
| 195|0x0000000619600000, 0x0000000619600000, 0x0000000619800000|  0%| F|  |TAMS 0x0000000619600000, 0x0000000619600000| Untracked 
| 196|0x0000000619800000, 0x0000000619800000, 0x0000000619a00000|  0%| F|  |TAMS 0x0000000619800000, 0x0000000619800000| Untracked 
| 197|0x0000000619a00000, 0x0000000619a00000, 0x0000000619c00000|  0%| F|  |TAMS 0x0000000619a00000, 0x0000000619a00000| Untracked 
| 198|0x0000000619c00000, 0x0000000619c00000, 0x0000000619e00000|  0%| F|  |TAMS 0x0000000619c00000, 0x0000000619c00000| Untracked 
| 199|0x0000000619e00000, 0x0000000619e00000, 0x000000061a000000|  0%| F|  |TAMS 0x0000000619e00000, 0x0000000619e00000| Untracked 
| 200|0x000000061a000000, 0x000000061a000000, 0x000000061a200000|  0%| F|  |TAMS 0x000000061a000000, 0x000000061a000000| Untracked 
| 201|0x000000061a200000, 0x000000061a200000, 0x000000061a400000|  0%| F|  |TAMS 0x000000061a200000, 0x000000061a200000| Untracked 
| 202|0x000000061a400000, 0x000000061a400000, 0x000000061a600000|  0%| F|  |TAMS 0x000000061a400000, 0x000000061a400000| Untracked 
| 203|0x000000061a600000, 0x000000061a600000, 0x000000061a800000|  0%| F|  |TAMS 0x000000061a600000, 0x000000061a600000| Untracked 
| 204|0x000000061a800000, 0x000000061a800000, 0x000000061aa00000|  0%| F|  |TAMS 0x000000061a800000, 0x000000061a800000| Untracked 
| 205|0x000000061aa00000, 0x000000061aa00000, 0x000000061ac00000|  0%| F|  |TAMS 0x000000061aa00000, 0x000000061aa00000| Untracked 
| 206|0x000000061ac00000, 0x000000061ac00000, 0x000000061ae00000|  0%| F|  |TAMS 0x000000061ac00000, 0x000000061ac00000| Untracked 
| 207|0x000000061ae00000, 0x000000061ae00000, 0x000000061b000000|  0%| F|  |TAMS 0x000000061ae00000, 0x000000061ae00000| Untracked 
| 208|0x000000061b000000, 0x000000061b000000, 0x000000061b200000|  0%| F|  |TAMS 0x000000061b000000, 0x000000061b000000| Untracked 
| 209|0x000000061b200000, 0x000000061b200000, 0x000000061b400000|  0%| F|  |TAMS 0x000000061b200000, 0x000000061b200000| Untracked 
| 210|0x000000061b400000, 0x000000061b400000, 0x000000061b600000|  0%| F|  |TAMS 0x000000061b400000, 0x000000061b400000| Untracked 
| 211|0x000000061b600000, 0x000000061b600000, 0x000000061b800000|  0%| F|  |TAMS 0x000000061b600000, 0x000000061b600000| Untracked 
| 212|0x000000061b800000, 0x000000061b800000, 0x000000061ba00000|  0%| F|  |TAMS 0x000000061b800000, 0x000000061b800000| Untracked 
| 213|0x000000061ba00000, 0x000000061ba00000, 0x000000061bc00000|  0%| F|  |TAMS 0x000000061ba00000, 0x000000061ba00000| Untracked 
| 214|0x000000061bc00000, 0x000000061bc00000, 0x000000061be00000|  0%| F|  |TAMS 0x000000061bc00000, 0x000000061bc00000| Untracked 
| 215|0x000000061be00000, 0x000000061be00000, 0x000000061c000000|  0%| F|  |TAMS 0x000000061be00000, 0x000000061be00000| Untracked 
| 216|0x000000061c000000, 0x000000061c000000, 0x000000061c200000|  0%| F|  |TAMS 0x000000061c000000, 0x000000061c000000| Untracked 
| 217|0x000000061c200000, 0x000000061c200000, 0x000000061c400000|  0%| F|  |TAMS 0x000000061c200000, 0x000000061c200000| Untracked 
| 218|0x000000061c400000, 0x000000061c400000, 0x000000061c600000|  0%| F|  |TAMS 0x000000061c400000, 0x000000061c400000| Untracked 
| 219|0x000000061c600000, 0x000000061c600000, 0x000000061c800000|  0%| F|  |TAMS 0x000000061c600000, 0x000000061c600000| Untracked 
| 220|0x000000061c800000, 0x000000061c800000, 0x000000061ca00000|  0%| F|  |TAMS 0x000000061c800000, 0x000000061c800000| Untracked 
| 221|0x000000061ca00000, 0x000000061ca00000, 0x000000061cc00000|  0%| F|  |TAMS 0x000000061ca00000, 0x000000061ca00000| Untracked 
| 222|0x000000061cc00000, 0x000000061cc00000, 0x000000061ce00000|  0%| F|  |TAMS 0x000000061cc00000, 0x000000061cc00000| Untracked 
| 223|0x000000061ce00000, 0x000000061ce00000, 0x000000061d000000|  0%| F|  |TAMS 0x000000061ce00000, 0x000000061ce00000| Untracked 
| 224|0x000000061d000000, 0x000000061d000000, 0x000000061d200000|  0%| F|  |TAMS 0x000000061d000000, 0x000000061d000000| Untracked 
| 225|0x000000061d200000, 0x000000061d200000, 0x000000061d400000|  0%| F|  |TAMS 0x000000061d200000, 0x000000061d200000| Untracked 
| 226|0x000000061d400000, 0x000000061d400000, 0x000000061d600000|  0%| F|  |TAMS 0x000000061d400000, 0x000000061d400000| Untracked 
| 227|0x000000061d600000, 0x000000061d600000, 0x000000061d800000|  0%| F|  |TAMS 0x000000061d600000, 0x000000061d600000| Untracked 
| 228|0x000000061d800000, 0x000000061d800000, 0x000000061da00000|  0%| F|  |TAMS 0x000000061d800000, 0x000000061d800000| Untracked 
| 229|0x000000061da00000, 0x000000061da00000, 0x000000061dc00000|  0%| F|  |TAMS 0x000000061da00000, 0x000000061da00000| Untracked 
| 230|0x000000061dc00000, 0x000000061dc00000, 0x000000061de00000|  0%| F|  |TAMS 0x000000061dc00000, 0x000000061dc00000| Untracked 
| 231|0x000000061de00000, 0x000000061de00000, 0x000000061e000000|  0%| F|  |TAMS 0x000000061de00000, 0x000000061de00000| Untracked 
| 232|0x000000061e000000, 0x000000061e000000, 0x000000061e200000|  0%| F|  |TAMS 0x000000061e000000, 0x000000061e000000| Untracked 
| 233|0x000000061e200000, 0x000000061e200000, 0x000000061e400000|  0%| F|  |TAMS 0x000000061e200000, 0x000000061e200000| Untracked 
| 234|0x000000061e400000, 0x000000061e400000, 0x000000061e600000|  0%| F|  |TAMS 0x000000061e400000, 0x000000061e400000| Untracked 
| 235|0x000000061e600000, 0x000000061e600000, 0x000000061e800000|  0%| F|  |TAMS 0x000000061e600000, 0x000000061e600000| Untracked 
| 236|0x000000061e800000, 0x000000061e800000, 0x000000061ea00000|  0%| F|  |TAMS 0x000000061e800000, 0x000000061e800000| Untracked 
| 237|0x000000061ea00000, 0x000000061ea00000, 0x000000061ec00000|  0%| F|  |TAMS 0x000000061ea00000, 0x000000061ea00000| Untracked 
| 238|0x000000061ec00000, 0x000000061ec00000, 0x000000061ee00000|  0%| F|  |TAMS 0x000000061ec00000, 0x000000061ec00000| Untracked 
| 239|0x000000061ee00000, 0x000000061ee00000, 0x000000061f000000|  0%| F|  |TAMS 0x000000061ee00000, 0x000000061ee00000| Untracked 
| 240|0x000000061f000000, 0x000000061f000000, 0x000000061f200000|  0%| F|  |TAMS 0x000000061f000000, 0x000000061f000000| Untracked 
| 241|0x000000061f200000, 0x000000061f200000, 0x000000061f400000|  0%| F|  |TAMS 0x000000061f200000, 0x000000061f200000| Untracked 
| 242|0x000000061f400000, 0x000000061f400000, 0x000000061f600000|  0%| F|  |TAMS 0x000000061f400000, 0x000000061f400000| Untracked 
| 243|0x000000061f600000, 0x000000061f600000, 0x000000061f800000|  0%| F|  |TAMS 0x000000061f600000, 0x000000061f600000| Untracked 
| 244|0x000000061f800000, 0x000000061f800000, 0x000000061fa00000|  0%| F|  |TAMS 0x000000061f800000, 0x000000061f800000| Untracked 
| 245|0x000000061fa00000, 0x000000061fa00000, 0x000000061fc00000|  0%| F|  |TAMS 0x000000061fa00000, 0x000000061fa00000| Untracked 
| 246|0x000000061fc00000, 0x000000061fc00000, 0x000000061fe00000|  0%| F|  |TAMS 0x000000061fc00000, 0x000000061fc00000| Untracked 
| 247|0x000000061fe00000, 0x000000061fe00000, 0x0000000620000000|  0%| F|  |TAMS 0x000000061fe00000, 0x000000061fe00000| Untracked 
| 248|0x0000000620000000, 0x0000000620000000, 0x0000000620200000|  0%| F|  |TAMS 0x0000000620000000, 0x0000000620000000| Untracked 
| 249|0x0000000620200000, 0x0000000620200000, 0x0000000620400000|  0%| F|  |TAMS 0x0000000620200000, 0x0000000620200000| Untracked 
| 250|0x0000000620400000, 0x0000000620400000, 0x0000000620600000|  0%| F|  |TAMS 0x0000000620400000, 0x0000000620400000| Untracked 
| 251|0x0000000620600000, 0x0000000620600000, 0x0000000620800000|  0%| F|  |TAMS 0x0000000620600000, 0x0000000620600000| Untracked 
| 252|0x0000000620800000, 0x0000000620800000, 0x0000000620a00000|  0%| F|  |TAMS 0x0000000620800000, 0x0000000620800000| Untracked 
| 253|0x0000000620a00000, 0x0000000620a00000, 0x0000000620c00000|  0%| F|  |TAMS 0x0000000620a00000, 0x0000000620a00000| Untracked 
| 254|0x0000000620c00000, 0x0000000620c7b6d8, 0x0000000620e00000| 24%| E|  |TAMS 0x0000000620c00000, 0x0000000620c00000| Complete 
| 255|0x0000000620e00000, 0x0000000621000000, 0x0000000621000000|100%| E|CS|TAMS 0x0000000620e00000, 0x0000000620e00000| Complete 

Card table byte_map: [0x000002a300000000,0x000002a301000000] _byte_map_base: 0x000002a2fcff8000

Marking Bits (Prev, Next): (CMBitMap*) 0x000002a3669726e8, (CMBitMap*) 0x000002a366972728
 Prev Bits: [0x000002a302000000, 0x000002a309fc0000)
 Next Bits: [0x000002a309fc0000, 0x000002a311f80000)

Polling page: 0x000002a3648b0000

Metaspace:

Usage:
  Non-class:      4.15 MB capacity,   663.41 KB ( 16%) used,     3.50 MB ( 84%) free+waste,     1.81 KB ( <1%) overhead. 
      Class:    438.00 KB capacity,    75.27 KB ( 17%) used,   361.48 KB ( 83%) free+waste,     1.25 KB ( <1%) overhead. 
       Both:      4.58 MB capacity,   738.68 KB ( 16%) used,     3.86 MB ( 84%) free+waste,     3.06 KB ( <1%) overhead. 

Virtual space:
  Non-class space:        8.00 MB reserved,       4.25 MB ( 53%) committed 
      Class space:        1.00 GB reserved,     512.00 KB ( <1%) committed 
             Both:        1.01 GB reserved,       4.75 MB ( <1%) committed 

Chunk freelists:
   Non-Class:  35.00 KB
       Class:  10.00 KB
        Both:  45.00 KB

MaxMetaspaceSize: 17179869184.00 GB
CompressedClassSpaceSize: 1.00 GB

CodeHeap 'non-profiled nmethods': size=120000Kb used=62Kb max_used=62Kb free=119937Kb
 bounds [0x000002a376b60000, 0x000002a376dd0000, 0x000002a37e090000]
CodeHeap 'profiled nmethods': size=120000Kb used=245Kb max_used=245Kb free=119754Kb
 bounds [0x000002a36f630000, 0x000002a36f8a0000, 0x000002a376b60000]
CodeHeap 'non-nmethods': size=5760Kb used=1195Kb max_used=1203Kb free=4564Kb
 bounds [0x000002a36f090000, 0x000002a36f300000, 0x000002a36f630000]
 total_blobs=544 nmethods=198 adapters=259
 compilation: enabled
              stopped_count=0, restarted_count=0
 full_count=0

Compilation events (20 events):
Event: 0.204 Thread 0x000002a37fc61800  189       3       java.lang.AbstractStringBuilder::newCapacity (55 bytes)
Event: 0.204 Thread 0x000002a37fc61800 nmethod 189 0x000002a36f66a010 code [0x000002a36f66a1c0, 0x000002a36f66a448]
Event: 0.204 Thread 0x000002a37fc61800  190       3       java.lang.AbstractStringBuilder::<init> (39 bytes)
Event: 0.204 Thread 0x000002a37fc61800 nmethod 190 0x000002a36f66a510 code [0x000002a36f66a6c0, 0x000002a36f66a978]
Event: 0.204 Thread 0x000002a37fc61800  191       3       java.lang.StringLatin1::newString (17 bytes)
Event: 0.205 Thread 0x000002a37fc61800 nmethod 191 0x000002a36f66aa90 code [0x000002a36f66ac40, 0x000002a36f66af08]
Event: 0.205 Thread 0x000002a37fc61800  192       3       java.lang.StringBuilder::<init> (7 bytes)
Event: 0.205 Thread 0x000002a37fc61800 nmethod 192 0x000002a36f66b010 code [0x000002a36f66b1c0, 0x000002a36f66b328]
Event: 0.214 Thread 0x000002a37fc61800  193       3       java.util.Arrays::copyOf (19 bytes)
Event: 0.214 Thread 0x000002a37fc61800 nmethod 193 0x000002a36f66b410 code [0x000002a36f66b5c0, 0x000002a36f66b8c8]
Event: 0.214 Thread 0x000002a37fc61800  194       3       java.lang.String::startsWith (138 bytes)
Event: 0.214 Thread 0x000002a37fc61800 nmethod 194 0x000002a36f66ba10 code [0x000002a36f66bc20, 0x000002a36f66c478]
Event: 0.216 Thread 0x000002a37fc61800  195       3       java.lang.StringUTF16::getChar (60 bytes)
Event: 0.216 Thread 0x000002a37fc61800 nmethod 195 0x000002a36f66c790 code [0x000002a36f66c920, 0x000002a36f66ca78]
Event: 0.260 Thread 0x000002a37fc61800  196       1       java.net.URL::getProtocol (5 bytes)
Event: 0.261 Thread 0x000002a37fc61800 nmethod 196 0x000002a376b6f290 code [0x000002a376b6f420, 0x000002a376b6f4f8]
Event: 0.261 Thread 0x000002a37fc61800  197       3       java.lang.StringLatin1::indexOf (121 bytes)
Event: 0.261 Thread 0x000002a37fc61800 nmethod 197 0x000002a36f66cb90 code [0x000002a36f66cd60, 0x000002a36f66d258]
Event: 536.141 Thread 0x000002a37fc61800  198       1       java.lang.Class::getModule (5 bytes)
Event: 536.142 Thread 0x000002a37fc61800 nmethod 198 0x000002a376b6f590 code [0x000002a376b6f720, 0x000002a376b6f7f8]

GC Heap History (0 events):
No events

Deoptimization events (4 events):
Event: 0.261 Thread 0x000002a3668ee000 Uncommon trap: trap_request=0xffffffde fr.pc=0x000002a376b6d810 relative=0x0000000000000ab0
Event: 0.261 Thread 0x000002a3668ee000 Uncommon trap: reason=class_check action=maybe_recompile pc=0x000002a376b6d810 method=java.util.HashMap.putVal(ILjava/lang/Object;Ljava/lang/Object;ZZ)Ljava/lang/Object; @ 152 c2
Event: 0.261 Thread 0x000002a3668ee000 DEOPT PACKING pc=0x000002a376b6d810 sp=0x000000c46e2fd690
Event: 0.261 Thread 0x000002a3668ee000 DEOPT UNPACKING pc=0x000002a36f0d912f sp=0x000000c46e2fd620 mode 2

Classes unloaded (0 events):
No events

Classes redefined (14 events):
Event: 321.449 Thread 0x000002a37fb10800 redefined class name=lessons.ConsoleCalculator.Calculator.ICalculator, count=1
Event: 321.449 Thread 0x000002a37fb10800 redefined class name=lessons.ConsoleCalculator.Calculator.Calculator, count=1
Event: 321.449 Thread 0x000002a37fb10800 redefined class name=lessons.ConsoleCalculator.TextHelper, count=1
Event: 321.449 Thread 0x000002a37fb10800 redefined class name=lessons.ConsoleCalculator.TextHelper$1, count=1
Event: 321.449 Thread 0x000002a37fb10800 redefined class name=lessons.ConsoleCalculator.Main, count=1
Event: 321.449 Thread 0x000002a37fb10800 redefined class name=lessons.ConsoleCalculator.SyntaxAnalyzer.SyntaxAnalyzerStateMachine, count=1
Event: 321.449 Thread 0x000002a37fb10800 redefined class name=lessons.ConsoleCalculator.SyntaxAnalyzer.State, count=1
Event: 536.144 Thread 0x000002a37fb10800 redefined class name=lessons.ConsoleCalculator.Calculator.ICalculator, count=2
Event: 536.144 Thread 0x000002a37fb10800 redefined class name=lessons.ConsoleCalculator.Calculator.Calculator, count=2
Event: 536.144 Thread 0x000002a37fb10800 redefined class name=lessons.ConsoleCalculator.TextHelper, count=2
Event: 536.144 Thread 0x000002a37fb10800 redefined class name=lessons.ConsoleCalculator.TextHelper$1, count=2
Event: 536.144 Thread 0x000002a37fb10800 redefined class name=lessons.ConsoleCalculator.Main, count=2
Event: 536.144 Thread 0x000002a37fb10800 redefined class name=lessons.ConsoleCalculator.SyntaxAnalyzer.SyntaxAnalyzerStateMachine, count=2
Event: 536.144 Thread 0x000002a37fb10800 redefined class name=lessons.ConsoleCalculator.SyntaxAnalyzer.State, count=2

Internal exceptions (0 events):
No events

Events (20 events):
Event: 496.740 Executing VM operation: ChangeBreakpoints
Event: 496.740 Executing VM operation: ChangeBreakpoints done
Event: 496.746 Executing VM operation: ChangeBreakpoints
Event: 496.746 Executing VM operation: ChangeBreakpoints done
Event: 536.065 Executing VM operation: ChangeBreakpoints
Event: 536.066 Executing VM operation: ChangeBreakpoints done
Event: 536.066 Executing VM operation: ChangeBreakpoints
Event: 536.066 Executing VM operation: ChangeBreakpoints done
Event: 536.143 Executing VM operation: RedefineClasses
Event: 536.146 Executing VM operation: RedefineClasses done
Event: 536.148 Executing VM operation: GetFrameCount
Event: 536.148 Executing VM operation: GetFrameCount done
Event: 536.149 Executing VM operation: GetFrameCount
Event: 536.149 Executing VM operation: GetFrameCount done
Event: 536.149 Executing VM operation: GetStackTrace
Event: 536.149 Executing VM operation: GetStackTrace done
Event: 536.237 Executing VM operation: ChangeBreakpoints
Event: 536.238 Executing VM operation: ChangeBreakpoints done
Event: 536.240 Executing VM operation: ChangeBreakpoints
Event: 536.240 Executing VM operation: ChangeBreakpoints done


Dynamic libraries:
0x00007ff6c2e00000 - 0x00007ff6c2e0f000 	D:\Java\jdk-14.0.2\bin\java.exe
0x00007fff48b80000 - 0x00007fff48d70000 	C:\Windows\SYSTEM32\ntdll.dll
0x00007fff46c60000 - 0x00007fff46d12000 	C:\Windows\System32\KERNEL32.DLL
0x00007fff466b0000 - 0x00007fff46954000 	C:\Windows\System32\KERNELBASE.dll
0x00007fff465b0000 - 0x00007fff466aa000 	C:\Windows\System32\ucrtbase.dll
0x00007fff43b80000 - 0x00007fff43b98000 	D:\Java\jdk-14.0.2\bin\jli.dll
0x00007fff47ae0000 - 0x00007fff47b83000 	C:\Windows\System32\ADVAPI32.dll
0x00007fff48970000 - 0x00007fff48a0e000 	C:\Windows\System32\msvcrt.dll
0x00007fff480d0000 - 0x00007fff48167000 	C:\Windows\System32\sechost.dll
0x00007fff48610000 - 0x00007fff48730000 	C:\Windows\System32\RPCRT4.dll
0x00007fff3ec80000 - 0x00007fff3ec95000 	D:\Java\jdk-14.0.2\bin\VCRUNTIME140.dll
0x00007fff48170000 - 0x00007fff48305000 	C:\Windows\System32\USER32.dll
0x00007fff46960000 - 0x00007fff46981000 	C:\Windows\System32\win32u.dll
0x00007fff48a10000 - 0x00007fff48a36000 	C:\Windows\System32\GDI32.dll
0x00007fff46a90000 - 0x00007fff46c26000 	C:\Windows\System32\gdi32full.dll
0x00007fff46510000 - 0x00007fff465ae000 	C:\Windows\System32\msvcp_win.dll
0x00007fff1e080000 - 0x00007fff1e304000 	C:\Windows\WinSxS\amd64_microsoft.windows.common-controls_6595b64144ccf1df_6.0.18362.1016_none_9e7a36bbe461dae4\COMCTL32.dll
0x00007fff47680000 - 0x00007fff479b5000 	C:\Windows\System32\combase.dll
0x00007fff46490000 - 0x00007fff46510000 	C:\Windows\System32\bcryptPrimitives.dll
0x00007fff40b80000 - 0x00007fff40b8a000 	C:\Windows\SYSTEM32\VERSION.dll
0x00007fff46c30000 - 0x00007fff46c5e000 	C:\Windows\System32\IMM32.DLL
0x00007fff3e2a0000 - 0x00007fff3e33b000 	D:\Java\jdk-14.0.2\bin\msvcp140.dll
0x00007ffef5890000 - 0x00007ffef63ae000 	D:\Java\jdk-14.0.2\bin\server\jvm.dll
0x00007fff48900000 - 0x00007fff48908000 	C:\Windows\System32\PSAPI.DLL
0x00007fff2b7f0000 - 0x00007fff2b7f9000 	C:\Windows\SYSTEM32\WSOCK32.dll
0x00007fff43990000 - 0x00007fff439b4000 	C:\Windows\SYSTEM32\WINMM.dll
0x00007fff47a70000 - 0x00007fff47adf000 	C:\Windows\System32\WS2_32.dll
0x00007fff43960000 - 0x00007fff4398d000 	C:\Windows\SYSTEM32\WINMMBASE.dll
0x00007fff46a40000 - 0x00007fff46a8a000 	C:\Windows\System32\cfgmgr32.dll
0x00007fff45a40000 - 0x00007fff45a51000 	C:\Windows\System32\kernel.appcore.dll
0x00007fff43b20000 - 0x00007fff43b2a000 	D:\Java\jdk-14.0.2\bin\jimage.dll
0x00007fff3feb0000 - 0x00007fff400a4000 	C:\Windows\SYSTEM32\DBGHELP.DLL
0x00007fff3fa20000 - 0x00007fff3fa4a000 	C:\Windows\SYSTEM32\dbgcore.DLL
0x00007fff27900000 - 0x00007fff27938000 	D:\Java\jdk-14.0.2\bin\jdwp.dll
0x00007fff3e6b0000 - 0x00007fff3e6d5000 	D:\Java\jdk-14.0.2\bin\java.dll
0x00007fff3e6a0000 - 0x00007fff3e6ae000 	D:\Java\jdk-14.0.2\bin\instrument.dll
0x00007fff3ec50000 - 0x00007fff3ec66000 	D:\Java\jdk-14.0.2\bin\zip.dll
0x00007fff46f90000 - 0x00007fff47677000 	C:\Windows\System32\SHELL32.dll
0x00007fff48460000 - 0x00007fff48509000 	C:\Windows\System32\shcore.dll
0x00007fff45b00000 - 0x00007fff46282000 	C:\Windows\System32\windows.storage.dll
0x00007fff45ad0000 - 0x00007fff45af3000 	C:\Windows\System32\profapi.dll
0x00007fff45a60000 - 0x00007fff45aaa000 	C:\Windows\System32\powrprof.dll
0x00007fff45a30000 - 0x00007fff45a40000 	C:\Windows\System32\UMPDC.dll
0x00007fff46ed0000 - 0x00007fff46f22000 	C:\Windows\System32\shlwapi.dll
0x00007fff46320000 - 0x00007fff46337000 	C:\Windows\System32\cryptsp.dll
0x00007fff3e5f0000 - 0x00007fff3e5fb000 	D:\Java\jdk-14.0.2\bin\dt_socket.dll
0x00007fff44fa0000 - 0x00007fff44fda000 	C:\Windows\SYSTEM32\IPHLPAPI.DLL
0x00007fff45290000 - 0x00007fff452f7000 	C:\Windows\system32\mswsock.dll
0x00007fff3e600000 - 0x00007fff3e619000 	D:\Java\jdk-14.0.2\bin\net.dll
0x00007fff3db30000 - 0x00007fff3dc20000 	C:\Windows\SYSTEM32\WINHTTP.dll
0x00007fff3e280000 - 0x00007fff3e292000 	D:\Java\jdk-14.0.2\bin\nio.dll

dbghelp: loaded successfully - version: 4.0.5 - missing functions: none
symbol engine: initialized successfully - sym options: 0x614 - pdb path: .;D:\Java\jdk-14.0.2\bin;C:\Windows\SYSTEM32;C:\Windows\WinSxS\amd64_microsoft.windows.common-controls_6595b64144ccf1df_6.0.18362.1016_none_9e7a36bbe461dae4;D:\Java\jdk-14.0.2\bin\server

VM Arguments:
jvm_args: -agentlib:jdwp=transport=dt_socket,address=127.0.0.1:59260,suspend=y,server=n -javaagent:C:\Users\inbruk\AppData\Local\JetBrains\IntelliJIdea2020.2\captureAgent\debugger-agent.jar -Dfile.encoding=UTF-8 
java_command: lessons.ConsoleCalculator.Main
java_class_path (initial): D:\LESSOSNS\JAVA\Task_5.6_ConsoleCalculator\out\production\Task_5.6_ConsoleCalculator;D:\IntelliJ IDEA 2020.2.1\lib\idea_rt.jar
Launcher Type: SUN_STANDARD

[Global flags]
     intx CICompilerCount                          = 3                                         {product} {ergonomic}
     uint ConcGCThreads                            = 2                                         {product} {ergonomic}
     uint G1ConcRefinementThreads                  = 6                                         {product} {ergonomic}
   size_t G1HeapRegionSize                         = 2097152                                   {product} {ergonomic}
    uintx GCDrainStackTargetSize                   = 64                                        {product} {ergonomic}
   size_t InitialHeapSize                          = 536870912                                 {product} {ergonomic}
   size_t MarkStackSize                            = 4194304                                   {product} {ergonomic}
   size_t MaxHeapSize                              = 8573157376                                {product} {ergonomic}
   size_t MaxNewSize                               = 5142216704                                {product} {ergonomic}
   size_t MinHeapDeltaBytes                        = 2097152                                   {product} {ergonomic}
   size_t MinHeapSize                              = 8388608                                   {product} {ergonomic}
    uintx NonNMethodCodeHeapSize                   = 5832780                                {pd product} {ergonomic}
    uintx NonProfiledCodeHeapSize                  = 122912730                              {pd product} {ergonomic}
    uintx ProfiledCodeHeapSize                     = 122912730                              {pd product} {ergonomic}
    uintx ReservedCodeCacheSize                    = 251658240                              {pd product} {ergonomic}
     bool SegmentedCodeCache                       = true                                      {product} {ergonomic}
   size_t SoftMaxHeapSize                          = 8573157376                             {manageable} {ergonomic}
     bool UseCompressedClassPointers               = true                                 {lp64_product} {ergonomic}
     bool UseCompressedOops                        = true                                 {lp64_product} {ergonomic}
     bool UseG1GC                                  = true                                      {product} {ergonomic}
     bool UseLargePagesIndividualAllocation        = false                                  {pd product} {ergonomic}

Logging:
Log output configuration:
 #0: stdout all=warning uptime,level,tags
 #1: stderr all=off uptime,level,tags

Environment Variables:
JAVA_HOME=D:\Java\jdk-14.0.2\bin
PATH=D:\Oracle18cExpress\dbhomeXE\bin;G:\Oracle18Express\dbhomeXE\bin;C:\Program Files\Microsoft MPI\Bin\;C:\Program Files (x86)\Intel\Intel(R) Management Engine Components\iCLS\;C:\Program Files\Intel\Intel(R) Management Engine Components\iCLS\;C:\Windows\system32;C:\Windows;C:\Windows\System32\Wbem;C:\Windows\System32\WindowsPowerShell\v1.0\;C:\Windows\System32\OpenSSH\;C:\Program Files (x86)\Intel\Intel(R) Management Engine Components\DAL;C:\Program Files\Intel\Intel(R) Management Engine Components\DAL;C:\Program Files (x86)\Intel\Intel(R) Management Engine Components\IPT;C:\Program Files\Intel\Intel(R) Management Engine Components\IPT;C:\Program Files\NVIDIA Corporation\NVIDIA NvDLISR;C:\Program Files (x86)\NVIDIA Corporation\PhysX\Common;D:\Microsoft SQL Server Comp86\150\DTS\Binn\;D:\Microsoft SQL Server Comp64\150\DTS\Binn\;D:\Microsoft SQL Server Comp64\Client SDK\ODBC\170\Tools\Binn\;D:\Microsoft SQL Server Comp86\150\Tools\Binn\;D:\Microsoft SQL Server Comp64\150\Tools\Binn\;C:\Program Files\dotnet\;D:\Microsoft SQL Server Comp64\130\Tools\Binn\;D:\Redis3.0.504\;D:\VS Code\bin;C:\Program Files\Git\cmd;D:\Anaconda3;D:\Anaconda3\Library\mingw-w64\bin;D:\Anaconda3\Library\usr\bin;D:\Anaconda3\Library\bin;D:\Anaconda3\Scripts;C:\Program Files\MySQL\MySQL Shell 8.0\bin\;C:\Users\inbruk\AppData\Local\Microsoft\WindowsApps;C:\Users\inbruk\AppData\Local\GitHubDesktop\bin;D:\Java\jdk-14.0.2\bin;
USERNAME=inbruk
OS=Windows_NT
PROCESSOR_IDENTIFIER=Intel64 Family 6 Model 158 Stepping 10, GenuineIntel



---------------  S Y S T E M  ---------------

OS: Windows 10 , 64 bit Build 18362 (10.0.18362.959)
OS uptime: 4 days 23:36 hours

CPU:total 6 (initial active 6) (6 cores per cpu, 1 threads per core) family 6 model 158 stepping 10, cmov, cx8, fxsr, mmx, sse, sse2, sse3, ssse3, sse4.1, sse4.2, popcnt, avx, avx2, aes, clmul, erms, 3dnowpref, lzcnt, tsc, tscinvbit, bmi1, bmi2, adx, fma

Memory: 4k page, system-wide physical 32697M (22651M free)
TotalPageFile size 37561M (AvailPageFile size 21011M)
current process WorkingSet (physical memory assigned to process): 35M, peak: 35M
current process commit charge ("private bytes"): 611M, peak: 612M

vm_info: Java HotSpot(TM) 64-Bit Server VM (14.0.2+12-46) for windows-amd64 JRE (14.0.2+12-46), built on Jul  9 2020 00:35:52 by "mach5one" with MS VC++ 15.9 (VS2017)

END.
